<?xml version="1.0" encoding="UTF-8"?>
<!-- Generated by org.testng.reporters.JUnitReportReporter -->
<testsuite skipped="0" hostname="Madhu-Desktop" name="Testngpackage.Annotationorderofexec" tests="2" failures="0" timestamp="2021-05-31T20:56:48 IST" time="0.032" errors="0">
  <testcase name="testmethod2" time="0.016" classname="Testngpackage.Annotationorderofexec"/>
  <system-out/>
  <testcase name="testmethod" time="0.016" classname="Testngpackage.Annotationorderofexec"/>
  <system-out/>
</testsuite> <!-- Testngpackage.Annotationorderofexec -->
