<?xml version="1.0" encoding="UTF-8"?>
<!-- Generated by org.testng.reporters.JUnitReportReporter -->
<testsuite skipped="0" hostname="Madhu-Desktop" name="Testngpackage.TestNGTest" tests="1" failures="0" timestamp="2021-05-31T21:14:21 IST" time="6.021" errors="0">
  <testcase name="validatelogin" time="6.021" classname="Testngpackage.TestNGTest"/>
  <system-out/>
</testsuite> <!-- Testngpackage.TestNGTest -->
