<?xml version="1.0" encoding="UTF-8"?>
<!-- Generated by org.testng.reporters.JUnitReportReporter -->
<testsuite skipped="0" hostname="Madhu-Desktop" name="com.qa.test.RestAPiTest" tests="1" failures="0" timestamp="13 May 2021 05:05:27 GMT" time="2.179" errors="0">
  <testcase name="getCallfromClient" time="2.179" classname="com.qa.test.RestAPiTest"/>
</testsuite> <!-- com.qa.test.RestAPiTest -->
